\BOOKMARK [1][-]{section.1}{实验目的}{}% 1
\BOOKMARK [1][-]{section.2}{实验原理}{}% 2
\BOOKMARK [2][-]{subsection.2.1}{粘度的定义}{section.2}% 3
\BOOKMARK [2][-]{subsection.2.2}{用旋转法测定液体粘度}{section.2}% 4
\BOOKMARK [3][-]{subsubsection.2.2.1}{液体粘度与温度的关系}{subsection.2.2}% 5
\BOOKMARK [2][-]{subsection.2.3}{用落球法测定液体的粘度的原理}{section.2}% 6
\BOOKMARK [2][-]{subsection.2.4}{用毛细管法测定液体的粘度}{section.2}% 7
\BOOKMARK [1][-]{section.3}{实验仪器及注意事项}{}% 8
\BOOKMARK [2][-]{subsection.3.1}{基本仪器}{section.3}% 9
\BOOKMARK [2][-]{subsection.3.2}{注意事项}{section.3}% 10
\BOOKMARK [1][-]{section.4}{实验步骤}{}% 11
\BOOKMARK [1][-]{section.5}{实验数据}{}% 12
\BOOKMARK [2][-]{subsection.5.1}{用旋转法测定液体的粘度}{section.5}% 13
\BOOKMARK [2][-]{subsection.5.2}{用落球法测定液体的粘度}{section.5}% 14
\BOOKMARK [2][-]{subsection.5.3}{用毛细管法测定液体的粘度}{section.5}% 15
\BOOKMARK [1][-]{section.6}{实验讨论}{}% 16
\BOOKMARK [2][-]{subsection.6.1}{旋转法}{section.6}% 17
\BOOKMARK [2][-]{subsection.6.2}{落球法}{section.6}% 18
\BOOKMARK [2][-]{subsection.6.3}{毛细管法}{section.6}% 19
\BOOKMARK [1][-]{section.7}{致谢}{}% 20
